2021-12-20 20:22:32,888  INFO UTAFLog.java [main] UTAFLog:9 - Using UTAF : 1.0.93
2021-12-20 20:22:32,888  INFO UTAFLog.java [main] UTAFLog:9 - Starting the execution of : PTY_GetPersonListwith_1_PersonId
2021-12-20 20:22:32,888  INFO UTAFLog.java [main] UTAFLog:9 - Starting the execution of : PTY_GetPersonListwith_1_PersonId
2021-12-20 20:22:33,121  INFO UTAFLog.java [main] UTAFLog:9 - In function cfGlGetElementProperty : Value of PTY_FetchPersonIds is select * from partydb pd where pd.end_tm is null and pd.party_type_cd='10070001' OFFSET 20 ROWS FETCH NEXT 1 ROWS ONLY
2021-12-20 20:22:33,123  INFO UTAFLog.java [main] UTAFLog:9 - In function cfGlGetElementProperty : Pass
2021-12-20 20:22:33,123  INFO UTAFLog.java [main] UTAFLog:9 - Query =select * from partydb pd where pd.end_tm is null and pd.party_type_cd='10070001' OFFSET 20 ROWS FETCH NEXT 1 ROWS ONLY
2021-12-20 20:22:33,123  INFO UTAFLog.java [main] UTAFLog:9 - In function cfGlGetFrameworkProperty : Value of ITT.DB.PTY.CONNURL is jdbc:oracle:thin:@ldap://OIDP.glb.bc:389/PTY70I,cn=OracleContext,dc=bc
2021-12-20 20:22:33,123  INFO UTAFLog.java [main] UTAFLog:9 - In function cfGlGetFrameworkProperty : Pass
2021-12-20 20:22:33,123  INFO UTAFLog.java [main] UTAFLog:9 - In function cfGlGetFrameworkProperty : Value of ITT.DB.PTY.USER is id867940
2021-12-20 20:22:33,123  INFO UTAFLog.java [main] UTAFLog:9 - In function cfGlGetFrameworkProperty : Pass
2021-12-20 20:22:33,123  INFO UTAFLog.java [main] UTAFLog:9 - In function cfGlGetFrameworkProperty : Value of ITT.DB.PTY.PASS is Mars#700
2021-12-20 20:22:33,123  INFO UTAFLog.java [main] UTAFLog:9 - In function cfGlGetFrameworkProperty : Pass
2021-12-20 20:22:34,323  INFO UTAFLog.java [main] UTAFLog:9 - In function cfGlGetElementProperty : Value of PTY_FetchPersonIds is select * from partydb pd where pd.end_tm is null and pd.party_type_cd='10070001' OFFSET 20 ROWS FETCH NEXT 1 ROWS ONLY
2021-12-20 20:22:34,323  INFO UTAFLog.java [main] UTAFLog:9 - In function cfGlGetElementProperty : Pass
2021-12-20 20:22:34,324  INFO UTAFLog.java [main] UTAFLog:9 - Query =select * from partydb pd where pd.end_tm is null and pd.party_type_cd='10070001' OFFSET 20 ROWS FETCH NEXT 1 ROWS ONLY
2021-12-20 20:22:34,324  INFO UTAFLog.java [main] UTAFLog:9 - In function cfGlGetFrameworkProperty : Value of ITT.DB.PTY.CONNURL is jdbc:oracle:thin:@ldap://OIDP.glb.bc:389/PTY70I,cn=OracleContext,dc=bc
2021-12-20 20:22:34,324  INFO UTAFLog.java [main] UTAFLog:9 - In function cfGlGetFrameworkProperty : Pass
2021-12-20 20:22:34,324  INFO UTAFLog.java [main] UTAFLog:9 - In function cfGlGetFrameworkProperty : Value of ITT.DB.PTY.USER is id867940
2021-12-20 20:22:34,324  INFO UTAFLog.java [main] UTAFLog:9 - In function cfGlGetFrameworkProperty : Pass
2021-12-20 20:22:34,324  INFO UTAFLog.java [main] UTAFLog:9 - In function cfGlGetFrameworkProperty : Value of ITT.DB.PTY.PASS is Mars#700
2021-12-20 20:22:34,324  INFO UTAFLog.java [main] UTAFLog:9 - In function cfGlGetFrameworkProperty : Pass
2021-12-20 20:22:34,646  INFO UTAFLog.java [main] UTAFLog:9 - In function cfGlGetElementProperty : Value of PTY_FetchPersonIds is select * from partydb pd where pd.end_tm is null and pd.party_type_cd='10070001' OFFSET 20 ROWS FETCH NEXT 1 ROWS ONLY
2021-12-20 20:22:34,647  INFO UTAFLog.java [main] UTAFLog:9 - In function cfGlGetElementProperty : Pass
2021-12-20 20:22:34,647  INFO UTAFLog.java [main] UTAFLog:9 - Query =select * from partydb pd where pd.end_tm is null and pd.party_type_cd='10070001' OFFSET 20 ROWS FETCH NEXT 1 ROWS ONLY
2021-12-20 20:22:34,647  INFO UTAFLog.java [main] UTAFLog:9 - In function cfGlGetFrameworkProperty : Value of ITT.DB.PTY.CONNURL is jdbc:oracle:thin:@ldap://OIDP.glb.bc:389/PTY70I,cn=OracleContext,dc=bc
2021-12-20 20:22:34,648  INFO UTAFLog.java [main] UTAFLog:9 - In function cfGlGetFrameworkProperty : Pass
2021-12-20 20:22:34,648  INFO UTAFLog.java [main] UTAFLog:9 - In function cfGlGetFrameworkProperty : Value of ITT.DB.PTY.USER is id867940
2021-12-20 20:22:34,648  INFO UTAFLog.java [main] UTAFLog:9 - In function cfGlGetFrameworkProperty : Pass
2021-12-20 20:22:34,648  INFO UTAFLog.java [main] UTAFLog:9 - In function cfGlGetFrameworkProperty : Value of ITT.DB.PTY.PASS is Mars#700
2021-12-20 20:22:34,649  INFO UTAFLog.java [main] UTAFLog:9 - In function cfGlGetFrameworkProperty : Pass
2021-12-20 20:22:34,962  INFO UTAFLog.java [main] UTAFLog:9 - In function cfGlGetElementProperty : Value of PTY_FetchPersonIds is select * from partydb pd where pd.end_tm is null and pd.party_type_cd='10070001' OFFSET 20 ROWS FETCH NEXT 1 ROWS ONLY
2021-12-20 20:22:34,962  INFO UTAFLog.java [main] UTAFLog:9 - In function cfGlGetElementProperty : Pass
2021-12-20 20:22:34,963  INFO UTAFLog.java [main] UTAFLog:9 - Query =select * from partydb pd where pd.end_tm is null and pd.party_type_cd='10070001' OFFSET 20 ROWS FETCH NEXT 1 ROWS ONLY
2021-12-20 20:22:34,963  INFO UTAFLog.java [main] UTAFLog:9 - In function cfGlGetFrameworkProperty : Value of ITT.DB.PTY.CONNURL is jdbc:oracle:thin:@ldap://OIDP.glb.bc:389/PTY70I,cn=OracleContext,dc=bc
2021-12-20 20:22:34,963  INFO UTAFLog.java [main] UTAFLog:9 - In function cfGlGetFrameworkProperty : Pass
2021-12-20 20:22:34,963  INFO UTAFLog.java [main] UTAFLog:9 - In function cfGlGetFrameworkProperty : Value of ITT.DB.PTY.USER is id867940
2021-12-20 20:22:34,964  INFO UTAFLog.java [main] UTAFLog:9 - In function cfGlGetFrameworkProperty : Pass
2021-12-20 20:22:34,964  INFO UTAFLog.java [main] UTAFLog:9 - In function cfGlGetFrameworkProperty : Value of ITT.DB.PTY.PASS is Mars#700
2021-12-20 20:22:34,964  INFO UTAFLog.java [main] UTAFLog:9 - In function cfGlGetFrameworkProperty : Pass
2021-12-20 20:22:35,269  INFO UTAFLog.java [main] UTAFLog:9 - In function cfGlGetElementProperty : Value of PTY_FetchPersonIds is select * from partydb pd where pd.end_tm is null and pd.party_type_cd='10070001' OFFSET 20 ROWS FETCH NEXT 1 ROWS ONLY
2021-12-20 20:22:35,270  INFO UTAFLog.java [main] UTAFLog:9 - In function cfGlGetElementProperty : Pass
2021-12-20 20:22:35,270  INFO UTAFLog.java [main] UTAFLog:9 - Query =select * from partydb pd where pd.end_tm is null and pd.party_type_cd='10070001' OFFSET 20 ROWS FETCH NEXT 1 ROWS ONLY
2021-12-20 20:22:35,271  INFO UTAFLog.java [main] UTAFLog:9 - In function cfGlGetFrameworkProperty : Value of ITT.DB.PTY.CONNURL is jdbc:oracle:thin:@ldap://OIDP.glb.bc:389/PTY70I,cn=OracleContext,dc=bc
2021-12-20 20:22:35,271  INFO UTAFLog.java [main] UTAFLog:9 - In function cfGlGetFrameworkProperty : Pass
2021-12-20 20:22:35,271  INFO UTAFLog.java [main] UTAFLog:9 - In function cfGlGetFrameworkProperty : Value of ITT.DB.PTY.USER is id867940
2021-12-20 20:22:35,271  INFO UTAFLog.java [main] UTAFLog:9 - In function cfGlGetFrameworkProperty : Pass
2021-12-20 20:22:35,271  INFO UTAFLog.java [main] UTAFLog:9 - In function cfGlGetFrameworkProperty : Value of ITT.DB.PTY.PASS is Mars#700
2021-12-20 20:22:35,271  INFO UTAFLog.java [main] UTAFLog:9 - In function cfGlGetFrameworkProperty : Pass
2021-12-20 20:22:35,600  INFO UTAFLog.java [main] UTAFLog:9 - In function cfGlGetElementProperty : Value of PTY_FetchPersonIds is select * from partydb pd where pd.end_tm is null and pd.party_type_cd='10070001' OFFSET 20 ROWS FETCH NEXT 1 ROWS ONLY
2021-12-20 20:22:35,601  INFO UTAFLog.java [main] UTAFLog:9 - In function cfGlGetElementProperty : Pass
2021-12-20 20:22:35,601  INFO UTAFLog.java [main] UTAFLog:9 - Query =select * from partydb pd where pd.end_tm is null and pd.party_type_cd='10070001' OFFSET 20 ROWS FETCH NEXT 1 ROWS ONLY
2021-12-20 20:22:35,602  INFO UTAFLog.java [main] UTAFLog:9 - In function cfGlGetFrameworkProperty : Value of ITT.DB.PTY.CONNURL is jdbc:oracle:thin:@ldap://OIDP.glb.bc:389/PTY70I,cn=OracleContext,dc=bc
2021-12-20 20:22:35,603  INFO UTAFLog.java [main] UTAFLog:9 - In function cfGlGetFrameworkProperty : Pass
2021-12-20 20:22:35,603  INFO UTAFLog.java [main] UTAFLog:9 - In function cfGlGetFrameworkProperty : Value of ITT.DB.PTY.USER is id867940
2021-12-20 20:22:35,603  INFO UTAFLog.java [main] UTAFLog:9 - In function cfGlGetFrameworkProperty : Pass
2021-12-20 20:22:35,604  INFO UTAFLog.java [main] UTAFLog:9 - In function cfGlGetFrameworkProperty : Value of ITT.DB.PTY.PASS is Mars#700
2021-12-20 20:22:35,604  INFO UTAFLog.java [main] UTAFLog:9 - In function cfGlGetFrameworkProperty : Pass
2021-12-20 20:22:35,969  INFO UTAFLog.java [main] UTAFLog:9 - In function cfGlGetElementProperty : Value of PTY_FetchPersonIds is select * from partydb pd where pd.end_tm is null and pd.party_type_cd='10070001' OFFSET 20 ROWS FETCH NEXT 1 ROWS ONLY
2021-12-20 20:22:35,969  INFO UTAFLog.java [main] UTAFLog:9 - In function cfGlGetElementProperty : Pass
2021-12-20 20:22:35,970  INFO UTAFLog.java [main] UTAFLog:9 - Query =select * from partydb pd where pd.end_tm is null and pd.party_type_cd='10070001' OFFSET 20 ROWS FETCH NEXT 1 ROWS ONLY
2021-12-20 20:22:35,970  INFO UTAFLog.java [main] UTAFLog:9 - In function cfGlGetFrameworkProperty : Value of ITT.DB.PTY.CONNURL is jdbc:oracle:thin:@ldap://OIDP.glb.bc:389/PTY70I,cn=OracleContext,dc=bc
2021-12-20 20:22:35,970  INFO UTAFLog.java [main] UTAFLog:9 - In function cfGlGetFrameworkProperty : Pass
2021-12-20 20:22:35,970  INFO UTAFLog.java [main] UTAFLog:9 - In function cfGlGetFrameworkProperty : Value of ITT.DB.PTY.USER is id867940
2021-12-20 20:22:35,970  INFO UTAFLog.java [main] UTAFLog:9 - In function cfGlGetFrameworkProperty : Pass
2021-12-20 20:22:35,970  INFO UTAFLog.java [main] UTAFLog:9 - In function cfGlGetFrameworkProperty : Value of ITT.DB.PTY.PASS is Mars#700
2021-12-20 20:22:35,971  INFO UTAFLog.java [main] UTAFLog:9 - In function cfGlGetFrameworkProperty : Pass
2021-12-20 20:22:36,297  INFO UTAFLog.java [main] UTAFLog:9 - In function cfGlGetElementProperty : Value of PTY_FetchPersonIds is select * from partydb pd where pd.end_tm is null and pd.party_type_cd='10070001' OFFSET 20 ROWS FETCH NEXT 1 ROWS ONLY
2021-12-20 20:22:36,298  INFO UTAFLog.java [main] UTAFLog:9 - In function cfGlGetElementProperty : Pass
2021-12-20 20:22:36,298  INFO UTAFLog.java [main] UTAFLog:9 - Query =select * from partydb pd where pd.end_tm is null and pd.party_type_cd='10070001' OFFSET 20 ROWS FETCH NEXT 1 ROWS ONLY
2021-12-20 20:22:36,299  INFO UTAFLog.java [main] UTAFLog:9 - In function cfGlGetFrameworkProperty : Value of ITT.DB.PTY.CONNURL is jdbc:oracle:thin:@ldap://OIDP.glb.bc:389/PTY70I,cn=OracleContext,dc=bc
2021-12-20 20:22:36,299  INFO UTAFLog.java [main] UTAFLog:9 - In function cfGlGetFrameworkProperty : Pass
2021-12-20 20:22:36,299  INFO UTAFLog.java [main] UTAFLog:9 - In function cfGlGetFrameworkProperty : Value of ITT.DB.PTY.USER is id867940
2021-12-20 20:22:36,299  INFO UTAFLog.java [main] UTAFLog:9 - In function cfGlGetFrameworkProperty : Pass
2021-12-20 20:22:36,299  INFO UTAFLog.java [main] UTAFLog:9 - In function cfGlGetFrameworkProperty : Value of ITT.DB.PTY.PASS is Mars#700
2021-12-20 20:22:36,300  INFO UTAFLog.java [main] UTAFLog:9 - In function cfGlGetFrameworkProperty : Pass
2021-12-20 20:22:36,605  INFO UTAFLog.java [main] UTAFLog:9 - In function cfGlGetElementProperty : Value of PTY_FetchPersonIds is select * from partydb pd where pd.end_tm is null and pd.party_type_cd='10070001' OFFSET 20 ROWS FETCH NEXT 1 ROWS ONLY
2021-12-20 20:22:36,606  INFO UTAFLog.java [main] UTAFLog:9 - In function cfGlGetElementProperty : Pass
2021-12-20 20:22:36,606  INFO UTAFLog.java [main] UTAFLog:9 - Query =select * from partydb pd where pd.end_tm is null and pd.party_type_cd='10070001' OFFSET 20 ROWS FETCH NEXT 1 ROWS ONLY
2021-12-20 20:22:36,607  INFO UTAFLog.java [main] UTAFLog:9 - In function cfGlGetFrameworkProperty : Value of ITT.DB.PTY.CONNURL is jdbc:oracle:thin:@ldap://OIDP.glb.bc:389/PTY70I,cn=OracleContext,dc=bc
2021-12-20 20:22:36,607  INFO UTAFLog.java [main] UTAFLog:9 - In function cfGlGetFrameworkProperty : Pass
2021-12-20 20:22:36,608  INFO UTAFLog.java [main] UTAFLog:9 - In function cfGlGetFrameworkProperty : Value of ITT.DB.PTY.USER is id867940
2021-12-20 20:22:36,608  INFO UTAFLog.java [main] UTAFLog:9 - In function cfGlGetFrameworkProperty : Pass
2021-12-20 20:22:36,608  INFO UTAFLog.java [main] UTAFLog:9 - In function cfGlGetFrameworkProperty : Value of ITT.DB.PTY.PASS is Mars#700
2021-12-20 20:22:36,608  INFO UTAFLog.java [main] UTAFLog:9 - In function cfGlGetFrameworkProperty : Pass
2021-12-20 20:22:36,909  INFO UTAFLog.java [main] UTAFLog:9 - In function cfGlGetElementProperty : Value of PTY_FetchPersonIds is select * from partydb pd where pd.end_tm is null and pd.party_type_cd='10070001' OFFSET 20 ROWS FETCH NEXT 1 ROWS ONLY
2021-12-20 20:22:36,909  INFO UTAFLog.java [main] UTAFLog:9 - In function cfGlGetElementProperty : Pass
2021-12-20 20:22:36,909  INFO UTAFLog.java [main] UTAFLog:9 - Query =select * from partydb pd where pd.end_tm is null and pd.party_type_cd='10070001' OFFSET 20 ROWS FETCH NEXT 1 ROWS ONLY
2021-12-20 20:22:36,910  INFO UTAFLog.java [main] UTAFLog:9 - In function cfGlGetFrameworkProperty : Value of ITT.DB.PTY.CONNURL is jdbc:oracle:thin:@ldap://OIDP.glb.bc:389/PTY70I,cn=OracleContext,dc=bc
2021-12-20 20:22:36,910  INFO UTAFLog.java [main] UTAFLog:9 - In function cfGlGetFrameworkProperty : Pass
2021-12-20 20:22:36,910  INFO UTAFLog.java [main] UTAFLog:9 - In function cfGlGetFrameworkProperty : Value of ITT.DB.PTY.USER is id867940
2021-12-20 20:22:36,910  INFO UTAFLog.java [main] UTAFLog:9 - In function cfGlGetFrameworkProperty : Pass
2021-12-20 20:22:36,910  INFO UTAFLog.java [main] UTAFLog:9 - In function cfGlGetFrameworkProperty : Value of ITT.DB.PTY.PASS is Mars#700
2021-12-20 20:22:36,910  INFO UTAFLog.java [main] UTAFLog:9 - In function cfGlGetFrameworkProperty : Pass
2021-12-20 20:22:37,219  INFO UTAFLog.java [main] UTAFLog:9 - In function cfGlGetElementProperty : Value of PTY_FetchPersonIds is select * from partydb pd where pd.end_tm is null and pd.party_type_cd='10070001' OFFSET 20 ROWS FETCH NEXT 1 ROWS ONLY
2021-12-20 20:22:37,219  INFO UTAFLog.java [main] UTAFLog:9 - In function cfGlGetElementProperty : Pass
2021-12-20 20:22:37,219  INFO UTAFLog.java [main] UTAFLog:9 - Query =select * from partydb pd where pd.end_tm is null and pd.party_type_cd='10070001' OFFSET 20 ROWS FETCH NEXT 1 ROWS ONLY
2021-12-20 20:22:37,220  INFO UTAFLog.java [main] UTAFLog:9 - In function cfGlGetFrameworkProperty : Value of ITT.DB.PTY.CONNURL is jdbc:oracle:thin:@ldap://OIDP.glb.bc:389/PTY70I,cn=OracleContext,dc=bc
2021-12-20 20:22:37,220  INFO UTAFLog.java [main] UTAFLog:9 - In function cfGlGetFrameworkProperty : Pass
2021-12-20 20:22:37,220  INFO UTAFLog.java [main] UTAFLog:9 - In function cfGlGetFrameworkProperty : Value of ITT.DB.PTY.USER is id867940
2021-12-20 20:22:37,220  INFO UTAFLog.java [main] UTAFLog:9 - In function cfGlGetFrameworkProperty : Pass
2021-12-20 20:22:37,220  INFO UTAFLog.java [main] UTAFLog:9 - In function cfGlGetFrameworkProperty : Value of ITT.DB.PTY.PASS is Mars#700
2021-12-20 20:22:37,221  INFO UTAFLog.java [main] UTAFLog:9 - In function cfGlGetFrameworkProperty : Pass
2021-12-20 20:22:37,541  INFO UTAFLog.java [main] UTAFLog:9 - In function cfGlGetElementProperty : Value of PTY_FetchPersonIds is select * from partydb pd where pd.end_tm is null and pd.party_type_cd='10070001' OFFSET 20 ROWS FETCH NEXT 1 ROWS ONLY
2021-12-20 20:22:37,541  INFO UTAFLog.java [main] UTAFLog:9 - In function cfGlGetElementProperty : Pass
2021-12-20 20:22:37,541  INFO UTAFLog.java [main] UTAFLog:9 - Query =select * from partydb pd where pd.end_tm is null and pd.party_type_cd='10070001' OFFSET 20 ROWS FETCH NEXT 1 ROWS ONLY
2021-12-20 20:22:37,542  INFO UTAFLog.java [main] UTAFLog:9 - In function cfGlGetFrameworkProperty : Value of ITT.DB.PTY.CONNURL is jdbc:oracle:thin:@ldap://OIDP.glb.bc:389/PTY70I,cn=OracleContext,dc=bc
2021-12-20 20:22:37,542  INFO UTAFLog.java [main] UTAFLog:9 - In function cfGlGetFrameworkProperty : Pass
2021-12-20 20:22:37,542  INFO UTAFLog.java [main] UTAFLog:9 - In function cfGlGetFrameworkProperty : Value of ITT.DB.PTY.USER is id867940
2021-12-20 20:22:37,543  INFO UTAFLog.java [main] UTAFLog:9 - In function cfGlGetFrameworkProperty : Pass
2021-12-20 20:22:37,543  INFO UTAFLog.java [main] UTAFLog:9 - In function cfGlGetFrameworkProperty : Value of ITT.DB.PTY.PASS is Mars#700
2021-12-20 20:22:37,543  INFO UTAFLog.java [main] UTAFLog:9 - In function cfGlGetFrameworkProperty : Pass
2021-12-20 20:22:37,849  INFO UTAFLog.java [main] UTAFLog:9 - In function cfGlGetElementProperty : Value of PTY_FetchPersonIds is select * from partydb pd where pd.end_tm is null and pd.party_type_cd='10070001' OFFSET 20 ROWS FETCH NEXT 1 ROWS ONLY
2021-12-20 20:22:37,850  INFO UTAFLog.java [main] UTAFLog:9 - In function cfGlGetElementProperty : Pass
2021-12-20 20:22:37,850  INFO UTAFLog.java [main] UTAFLog:9 - Query =select * from partydb pd where pd.end_tm is null and pd.party_type_cd='10070001' OFFSET 20 ROWS FETCH NEXT 1 ROWS ONLY
2021-12-20 20:22:37,851  INFO UTAFLog.java [main] UTAFLog:9 - In function cfGlGetFrameworkProperty : Value of ITT.DB.PTY.CONNURL is jdbc:oracle:thin:@ldap://OIDP.glb.bc:389/PTY70I,cn=OracleContext,dc=bc
2021-12-20 20:22:37,851  INFO UTAFLog.java [main] UTAFLog:9 - In function cfGlGetFrameworkProperty : Pass
2021-12-20 20:22:37,851  INFO UTAFLog.java [main] UTAFLog:9 - In function cfGlGetFrameworkProperty : Value of ITT.DB.PTY.USER is id867940
2021-12-20 20:22:37,852  INFO UTAFLog.java [main] UTAFLog:9 - In function cfGlGetFrameworkProperty : Pass
2021-12-20 20:22:37,852  INFO UTAFLog.java [main] UTAFLog:9 - In function cfGlGetFrameworkProperty : Value of ITT.DB.PTY.PASS is Mars#700
2021-12-20 20:22:37,852  INFO UTAFLog.java [main] UTAFLog:9 - In function cfGlGetFrameworkProperty : Pass
2021-12-20 20:22:38,206  INFO UTAFLog.java [main] UTAFLog:9 - In function cfGlGetElementProperty : Value of PTY_FetchPersonIds is select * from partydb pd where pd.end_tm is null and pd.party_type_cd='10070001' OFFSET 20 ROWS FETCH NEXT 1 ROWS ONLY
2021-12-20 20:22:38,206  INFO UTAFLog.java [main] UTAFLog:9 - In function cfGlGetElementProperty : Pass
2021-12-20 20:22:38,207  INFO UTAFLog.java [main] UTAFLog:9 - Query =select * from partydb pd where pd.end_tm is null and pd.party_type_cd='10070001' OFFSET 20 ROWS FETCH NEXT 1 ROWS ONLY
2021-12-20 20:22:38,207  INFO UTAFLog.java [main] UTAFLog:9 - In function cfGlGetFrameworkProperty : Value of ITT.DB.PTY.CONNURL is jdbc:oracle:thin:@ldap://OIDP.glb.bc:389/PTY70I,cn=OracleContext,dc=bc
2021-12-20 20:22:38,207  INFO UTAFLog.java [main] UTAFLog:9 - In function cfGlGetFrameworkProperty : Pass
2021-12-20 20:22:38,208  INFO UTAFLog.java [main] UTAFLog:9 - In function cfGlGetFrameworkProperty : Value of ITT.DB.PTY.USER is id867940
2021-12-20 20:22:38,208  INFO UTAFLog.java [main] UTAFLog:9 - In function cfGlGetFrameworkProperty : Pass
2021-12-20 20:22:38,208  INFO UTAFLog.java [main] UTAFLog:9 - In function cfGlGetFrameworkProperty : Value of ITT.DB.PTY.PASS is Mars#700
2021-12-20 20:22:38,208  INFO UTAFLog.java [main] UTAFLog:9 - In function cfGlGetFrameworkProperty : Pass
2021-12-20 20:22:38,569  INFO UTAFLog.java [main] UTAFLog:9 - In function cfGlGetElementProperty : Value of PTY_FetchPersonIds is select * from partydb pd where pd.end_tm is null and pd.party_type_cd='10070001' OFFSET 20 ROWS FETCH NEXT 1 ROWS ONLY
2021-12-20 20:22:38,570  INFO UTAFLog.java [main] UTAFLog:9 - In function cfGlGetElementProperty : Pass
2021-12-20 20:22:38,570  INFO UTAFLog.java [main] UTAFLog:9 - Query =select * from partydb pd where pd.end_tm is null and pd.party_type_cd='10070001' OFFSET 20 ROWS FETCH NEXT 1 ROWS ONLY
2021-12-20 20:22:38,570  INFO UTAFLog.java [main] UTAFLog:9 - In function cfGlGetFrameworkProperty : Value of ITT.DB.PTY.CONNURL is jdbc:oracle:thin:@ldap://OIDP.glb.bc:389/PTY70I,cn=OracleContext,dc=bc
2021-12-20 20:22:38,570  INFO UTAFLog.java [main] UTAFLog:9 - In function cfGlGetFrameworkProperty : Pass
2021-12-20 20:22:38,571  INFO UTAFLog.java [main] UTAFLog:9 - In function cfGlGetFrameworkProperty : Value of ITT.DB.PTY.USER is id867940
2021-12-20 20:22:38,571  INFO UTAFLog.java [main] UTAFLog:9 - In function cfGlGetFrameworkProperty : Pass
2021-12-20 20:22:38,571  INFO UTAFLog.java [main] UTAFLog:9 - In function cfGlGetFrameworkProperty : Value of ITT.DB.PTY.PASS is Mars#700
2021-12-20 20:22:38,571  INFO UTAFLog.java [main] UTAFLog:9 - In function cfGlGetFrameworkProperty : Pass
2021-12-20 20:22:38,914  INFO UTAFLog.java [main] UTAFLog:9 - In function cfGlGetElementProperty : Value of PTY_FetchPersonIds is select * from partydb pd where pd.end_tm is null and pd.party_type_cd='10070001' OFFSET 20 ROWS FETCH NEXT 1 ROWS ONLY
2021-12-20 20:22:38,914  INFO UTAFLog.java [main] UTAFLog:9 - In function cfGlGetElementProperty : Pass
2021-12-20 20:22:38,914  INFO UTAFLog.java [main] UTAFLog:9 - Query =select * from partydb pd where pd.end_tm is null and pd.party_type_cd='10070001' OFFSET 20 ROWS FETCH NEXT 1 ROWS ONLY
2021-12-20 20:22:38,915  INFO UTAFLog.java [main] UTAFLog:9 - In function cfGlGetFrameworkProperty : Value of ITT.DB.PTY.CONNURL is jdbc:oracle:thin:@ldap://OIDP.glb.bc:389/PTY70I,cn=OracleContext,dc=bc
2021-12-20 20:22:38,915  INFO UTAFLog.java [main] UTAFLog:9 - In function cfGlGetFrameworkProperty : Pass
2021-12-20 20:22:38,915  INFO UTAFLog.java [main] UTAFLog:9 - In function cfGlGetFrameworkProperty : Value of ITT.DB.PTY.USER is id867940
2021-12-20 20:22:38,915  INFO UTAFLog.java [main] UTAFLog:9 - In function cfGlGetFrameworkProperty : Pass
2021-12-20 20:22:38,915  INFO UTAFLog.java [main] UTAFLog:9 - In function cfGlGetFrameworkProperty : Value of ITT.DB.PTY.PASS is Mars#700
2021-12-20 20:22:38,915  INFO UTAFLog.java [main] UTAFLog:9 - In function cfGlGetFrameworkProperty : Pass
2021-12-20 20:22:39,235  INFO UTAFLog.java [main] UTAFLog:9 - In function cfGlGetElementProperty : Value of PTY_FetchPersonIds is select * from partydb pd where pd.end_tm is null and pd.party_type_cd='10070001' OFFSET 20 ROWS FETCH NEXT 1 ROWS ONLY
2021-12-20 20:22:39,236  INFO UTAFLog.java [main] UTAFLog:9 - In function cfGlGetElementProperty : Pass
2021-12-20 20:22:39,236  INFO UTAFLog.java [main] UTAFLog:9 - Query =select * from partydb pd where pd.end_tm is null and pd.party_type_cd='10070001' OFFSET 20 ROWS FETCH NEXT 1 ROWS ONLY
2021-12-20 20:22:39,236  INFO UTAFLog.java [main] UTAFLog:9 - In function cfGlGetFrameworkProperty : Value of ITT.DB.PTY.CONNURL is jdbc:oracle:thin:@ldap://OIDP.glb.bc:389/PTY70I,cn=OracleContext,dc=bc
2021-12-20 20:22:39,237  INFO UTAFLog.java [main] UTAFLog:9 - In function cfGlGetFrameworkProperty : Pass
2021-12-20 20:22:39,237  INFO UTAFLog.java [main] UTAFLog:9 - In function cfGlGetFrameworkProperty : Value of ITT.DB.PTY.USER is id867940
2021-12-20 20:22:39,237  INFO UTAFLog.java [main] UTAFLog:9 - In function cfGlGetFrameworkProperty : Pass
2021-12-20 20:22:39,237  INFO UTAFLog.java [main] UTAFLog:9 - In function cfGlGetFrameworkProperty : Value of ITT.DB.PTY.PASS is Mars#700
2021-12-20 20:22:39,238  INFO UTAFLog.java [main] UTAFLog:9 - In function cfGlGetFrameworkProperty : Pass
2021-12-20 20:22:39,535  INFO UTAFLog.java [main] UTAFLog:9 - In function cfGlGetElementProperty : Value of PTY_FetchPersonIds is select * from partydb pd where pd.end_tm is null and pd.party_type_cd='10070001' OFFSET 20 ROWS FETCH NEXT 1 ROWS ONLY
2021-12-20 20:22:39,535  INFO UTAFLog.java [main] UTAFLog:9 - In function cfGlGetElementProperty : Pass
2021-12-20 20:22:39,536  INFO UTAFLog.java [main] UTAFLog:9 - Query =select * from partydb pd where pd.end_tm is null and pd.party_type_cd='10070001' OFFSET 20 ROWS FETCH NEXT 1 ROWS ONLY
2021-12-20 20:22:39,536  INFO UTAFLog.java [main] UTAFLog:9 - In function cfGlGetFrameworkProperty : Value of ITT.DB.PTY.CONNURL is jdbc:oracle:thin:@ldap://OIDP.glb.bc:389/PTY70I,cn=OracleContext,dc=bc
2021-12-20 20:22:39,536  INFO UTAFLog.java [main] UTAFLog:9 - In function cfGlGetFrameworkProperty : Pass
2021-12-20 20:22:39,536  INFO UTAFLog.java [main] UTAFLog:9 - In function cfGlGetFrameworkProperty : Value of ITT.DB.PTY.USER is id867940
2021-12-20 20:22:39,536  INFO UTAFLog.java [main] UTAFLog:9 - In function cfGlGetFrameworkProperty : Pass
2021-12-20 20:22:39,536  INFO UTAFLog.java [main] UTAFLog:9 - In function cfGlGetFrameworkProperty : Value of ITT.DB.PTY.PASS is Mars#700
2021-12-20 20:22:39,536  INFO UTAFLog.java [main] UTAFLog:9 - In function cfGlGetFrameworkProperty : Pass
2021-12-20 20:22:39,868  INFO UTAFLog.java [main] UTAFLog:9 - In function cfGlGetElementProperty : Value of PTY_FetchPersonIds is select * from partydb pd where pd.end_tm is null and pd.party_type_cd='10070001' OFFSET 20 ROWS FETCH NEXT 1 ROWS ONLY
2021-12-20 20:22:39,869  INFO UTAFLog.java [main] UTAFLog:9 - In function cfGlGetElementProperty : Pass
2021-12-20 20:22:39,869  INFO UTAFLog.java [main] UTAFLog:9 - Query =select * from partydb pd where pd.end_tm is null and pd.party_type_cd='10070001' OFFSET 20 ROWS FETCH NEXT 1 ROWS ONLY
2021-12-20 20:22:39,869  INFO UTAFLog.java [main] UTAFLog:9 - In function cfGlGetFrameworkProperty : Value of ITT.DB.PTY.CONNURL is jdbc:oracle:thin:@ldap://OIDP.glb.bc:389/PTY70I,cn=OracleContext,dc=bc
2021-12-20 20:22:39,869  INFO UTAFLog.java [main] UTAFLog:9 - In function cfGlGetFrameworkProperty : Pass
2021-12-20 20:22:39,870  INFO UTAFLog.java [main] UTAFLog:9 - In function cfGlGetFrameworkProperty : Value of ITT.DB.PTY.USER is id867940
2021-12-20 20:22:39,870  INFO UTAFLog.java [main] UTAFLog:9 - In function cfGlGetFrameworkProperty : Pass
2021-12-20 20:22:39,870  INFO UTAFLog.java [main] UTAFLog:9 - In function cfGlGetFrameworkProperty : Value of ITT.DB.PTY.PASS is Mars#700
2021-12-20 20:22:39,870  INFO UTAFLog.java [main] UTAFLog:9 - In function cfGlGetFrameworkProperty : Pass
2021-12-20 20:22:40,203  INFO UTAFLog.java [main] UTAFLog:9 - In function cfGlGetElementProperty : Value of PTY_FetchPersonIds is select * from partydb pd where pd.end_tm is null and pd.party_type_cd='10070001' OFFSET 20 ROWS FETCH NEXT 1 ROWS ONLY
2021-12-20 20:22:40,203  INFO UTAFLog.java [main] UTAFLog:9 - In function cfGlGetElementProperty : Pass
2021-12-20 20:22:40,203  INFO UTAFLog.java [main] UTAFLog:9 - Query =select * from partydb pd where pd.end_tm is null and pd.party_type_cd='10070001' OFFSET 20 ROWS FETCH NEXT 1 ROWS ONLY
2021-12-20 20:22:40,204  INFO UTAFLog.java [main] UTAFLog:9 - In function cfGlGetFrameworkProperty : Value of ITT.DB.PTY.CONNURL is jdbc:oracle:thin:@ldap://OIDP.glb.bc:389/PTY70I,cn=OracleContext,dc=bc
2021-12-20 20:22:40,204  INFO UTAFLog.java [main] UTAFLog:9 - In function cfGlGetFrameworkProperty : Pass
2021-12-20 20:22:40,204  INFO UTAFLog.java [main] UTAFLog:9 - In function cfGlGetFrameworkProperty : Value of ITT.DB.PTY.USER is id867940
2021-12-20 20:22:40,204  INFO UTAFLog.java [main] UTAFLog:9 - In function cfGlGetFrameworkProperty : Pass
2021-12-20 20:22:40,205  INFO UTAFLog.java [main] UTAFLog:9 - In function cfGlGetFrameworkProperty : Value of ITT.DB.PTY.PASS is Mars#700
2021-12-20 20:22:40,205  INFO UTAFLog.java [main] UTAFLog:9 - In function cfGlGetFrameworkProperty : Pass
2021-12-20 20:22:40,526  INFO UTAFLog.java [main] UTAFLog:9 - In afCheckPreCondition
2021-12-20 20:22:40,526  INFO UTAFLog.java [main] UTAFLog:9 - Preconditions satisfied
2021-12-20 20:22:40,527  INFO UTAFLog.java [main] UTAFLog:9 - Out afCheckPreCondition
2021-12-20 20:22:40,528  INFO UTAFLog.java [main] UTAFLog:9 - In function cfGlGetFrameworkProperty : Value of ITT.PTS.PTY.USER is ptsi_210309.jks
2021-12-20 20:22:40,529  INFO UTAFLog.java [main] UTAFLog:9 - In function cfGlGetFrameworkProperty : Pass
2021-12-20 20:22:40,529  INFO UTAFLog.java [main] UTAFLog:9 - In function cfGlGetFrameworkProperty : Value of ITT.PTS.PTY.PASS is pts66
2021-12-20 20:22:40,529  INFO UTAFLog.java [main] UTAFLog:9 - In function cfGlGetFrameworkProperty : Pass
2021-12-20 20:22:40,529  INFO UTAFLog.java [main] UTAFLog:9 - In function cfGlGetFrameworkProperty : Value of ITT.PTS.PTY.GetPersonList.URL is https://apigw-itt.bc/b182-01/person/flv000568/v1
2021-12-20 20:22:40,529  INFO UTAFLog.java [main] UTAFLog:9 - In function cfGlGetFrameworkProperty : Pass
2021-12-20 20:22:40,530  INFO UTAFLog.java [main] UTAFLog:9 - In cfGlSerSendRequest
2021-12-20 20:22:40,531  INFO UTAFLog.java [main] UTAFLog:9 - ===============================================URL===============================================
2021-12-20 20:22:40,531  INFO UTAFLog.java [main] UTAFLog:9 - https://apigw-itt.bc/b182-01/person/flv000568/v1
2021-12-20 20:22:40,589  INFO UTAFLog.java [main] UTAFLog:9 - ===============================================Request===========================================
2021-12-20 20:22:40,589  INFO UTAFLog.java [main] UTAFLog:9 - <?xml version="1.0" encoding="UTF-8"?><soapenv:Envelope xmlns:soapenv="http://schemas.xmlsoap.org/soap/envelope/" xmlns:v1="http://api.web.bc/api/schema/commoncontext/transaction/v1" xmlns:v11="http://api.web.bc/api/schema/commoncontext/consumertransaction/v1" xmlns:v12="http://api.web.bc/capability/business/b182-01/services/person/flv000568/v1" xmlns:v13="http://api.web.bc/capability/business/b182-01/objects/requestgetpersonlist/flv000568/v1" xmlns:v2="http://api.web.bc/api/schema/commoncontext/v2">
<soapenv:Header>
<v2:CommonContextRequest>
<v2:transaction>
<v1:messageId>510328795</v1:messageId>
<v1:conversationId>510328795</v1:conversationId>
<v1:dateTimeCreated>2021-12-20</v1:dateTimeCreated>
</v2:transaction>
</v2:CommonContextRequest>
</soapenv:Header>
<soapenv:Body>
<v12:RequestDataGetPersonList>
<v12:serviceContext>
<v12:transactionData>
<v12:endUserId>609496301</v12:endUserId>
<v12:endUserLanguage>EN</v12:endUserLanguage>
<v12:consumerApplication>SHE</v12:consumerApplication>
</v12:transactionData>
</v12:serviceContext>
<v12:serviceData>
<v12:personIdentifier>
<v13:id>487</v13:id>
<v13:idScope>
<v13:value>ENT</v13:value>
</v13:idScope>
<v13:idContext>
<v13:value>B182</v13:value>
</v13:idContext>
</v12:personIdentifier>
</v12:serviceData>
</v12:RequestDataGetPersonList>
</soapenv:Body>
</soapenv:Envelope>

2021-12-20 20:22:41,919  INFO UTAFLog.java [main] UTAFLog:9 - Request posted successfully
2021-12-20 20:22:41,919  INFO UTAFLog.java [main] UTAFLog:9 - ===============================================Response===========================================
2021-12-20 20:22:42,028  INFO UTAFLog.java [main] UTAFLog:9 - Send request to get person details
2021-12-20 20:22:42,030  INFO UTAFLog.java [main] UTAFLog:9 - Out cfGlSerSendRequest
